SF:lib\src\db_snapshot.dart
DA:7,5
DA:19,7
DA:20,7
DA:23,1
DA:26,7
DA:28,10
DA:30,0
DA:31,0
DA:32,0
DA:33,0
DA:37,0
DA:38,0
DA:39,0
DA:40,0
DA:42,0
DA:43,0
DA:44,0
DA:46,0
DA:47,0
DA:48,0
DA:50,0
DA:51,0
DA:52,0
DA:53,0
DA:54,0
DA:55,0
DA:56,0
DA:57,0
DA:62,0
DA:63,0
DA:66,0
DA:67,0
DA:70,0
DA:71,0
DA:75,0
DA:76,0
DA:77,0
DA:78,0
DA:79,0
DA:80,0
DA:81,0
LF:41
LH:6
end_of_record
SF:lib\src\logic\achievements.dart
DA:8,2
DA:9,2
DA:10,2
DA:11,2
DA:12,2
DA:15,4
DA:17,4
DA:19,4
DA:23,2
DA:27,2
DA:28,2
DA:31,2
DA:32,4
DA:33,4
DA:35,4
DA:37,2
DA:39,6
DA:41,2
DA:42,0
DA:45,6
DA:50,2
DA:51,2
DA:52,2
DA:54,10
DA:56,2
DA:57,6
DA:58,2
DA:60,6
DA:61,2
DA:70,4
DA:71,2
DA:75,4
DA:77,4
DA:79,4
LF:34
LH:33
end_of_record
SF:lib\src\db_manager.dart
DA:7,2
DA:8,1
DA:9,2
DA:10,2
DA:11,2
DA:13,2
DA:14,0
DA:15,0
DA:16,0
DA:17,0
DA:18,0
DA:19,0
DA:21,0
DA:22,0
DA:24,0
DA:30,0
DA:32,0
DA:33,0
DA:34,0
DA:35,0
DA:37,0
DA:38,0
DA:39,0
DA:40,0
DA:44,0
DA:46,0
DA:47,0
DA:48,0
DA:50,0
DA:54,0
DA:57,0
DA:58,0
DA:59,0
DA:62,0
DA:63,0
DA:64,0
DA:65,0
DA:66,0
DA:67,0
DA:68,0
DA:69,0
DA:72,0
DA:73,0
DA:74,0
DA:77,0
DA:78,0
DA:79,0
DA:80,0
DA:86,0
DA:87,0
DA:92,0
DA:93,0
DA:94,0
DA:95,0
DA:96,0
DA:99,0
DA:100,0
DA:101,0
DA:102,0
DA:108,0
DA:109,0
DA:115,0
DA:116,0
DA:119,0
DA:120,0
DA:121,0
DA:122,0
DA:128,0
DA:129,0
DA:134,0
DA:135,0
DA:136,0
DA:137,0
DA:138,0
DA:143,0
DA:144,0
DA:145,0
DA:148,0
DA:149,0
DA:150,0
DA:153,0
DA:154,0
DA:155,0
DA:158,0
DA:159,0
DA:161,0
DA:162,0
DA:163,0
DA:165,0
DA:166,0
DA:167,0
DA:169,0
DA:170,0
DA:171,0
DA:173,0
DA:174,0
DA:177,0
DA:178,0
DA:179,0
LF:99
LH:6
end_of_record
SF:lib\src\session_manager.dart
DA:4,5
DA:7,5
DA:8,5
DA:9,10
DA:10,10
DA:13,1
DA:14,2
DA:15,2
DA:16,2
DA:17,1
DA:20,5
DA:22,4
DA:24,4
DA:26,2
LF:14
LH:14
end_of_record
SF:lib\main.dart
DA:11,4
DA:13,2
DA:14,2
DA:15,2
DA:17,2
DA:18,2
DA:20,2
DA:24,0
DA:25,0
DA:26,0
DA:27,0
DA:28,0
DA:30,0
DA:32,0
DA:33,0
DA:38,0
DA:39,0
DA:41,0
DA:42,0
DA:45,0
DA:49,8
DA:51,1
LF:22
LH:9
end_of_record
SF:lib\firebase_options.dart
DA:18,0
DA:22,0
DA:23,0
DA:25,0
DA:27,0
DA:29,0
DA:30,0
DA:34,0
DA:35,0
DA:40,0
LF:10
LH:0
end_of_record
SF:lib\src\pages\authentication\login.dart
DA:10,21
DA:12,1
DA:13,1
DA:22,1
DA:24,1
DA:25,1
DA:28,1
DA:29,1
DA:31,0
DA:32,0
DA:33,0
DA:34,0
DA:36,0
DA:37,0
DA:38,0
DA:39,0
DA:44,0
DA:45,0
DA:46,0
DA:47,0
DA:50,1
DA:52,1
DA:53,1
DA:54,1
DA:55,2
DA:56,1
DA:57,1
DA:58,1
DA:60,1
DA:62,1
DA:63,1
DA:66,1
DA:67,3
DA:68,1
DA:70,1
DA:71,1
DA:72,1
DA:75,1
DA:76,1
DA:81,1
DA:82,0
DA:83,0
DA:85,0
DA:94,1
DA:95,0
DA:96,0
DA:97,0
DA:98,0
DA:104,1
DA:105,1
DA:106,1
DA:111,1
DA:113,1
DA:114,1
DA:120,2
DA:125,1
DA:126,0
DA:127,0
DA:129,0
DA:130,0
DA:143,1
DA:144,0
DA:145,0
DA:146,0
LF:64
LH:38
end_of_record
SF:lib\src\logic\authentication\create_account.dart
DA:10,1
DA:12,1
DA:13,0
DA:17,1
DA:18,1
DA:19,1
DA:20,0
DA:21,0
DA:22,0
DA:24,1
DA:25,1
DA:27,0
DA:29,0
DA:30,0
DA:31,0
DA:32,0
DA:33,0
DA:38,0
DA:39,0
DA:41,0
DA:45,0
DA:46,0
DA:48,0
DA:53,0
DA:54,0
DA:56,0
LF:26
LH:7
end_of_record
SF:lib\src\logic\authentication\login.dart
DA:12,0
DA:14,0
DA:17,0
DA:18,0
DA:19,0
DA:20,0
DA:21,0
DA:22,0
DA:24,0
DA:25,0
DA:27,0
DA:29,0
DA:30,0
DA:34,0
DA:35,0
DA:37,0
DA:41,1
DA:42,1
DA:44,0
DA:45,0
DA:47,0
DA:48,0
DA:51,0
DA:52,0
DA:53,0
DA:57,0
DA:58,0
DA:59,0
DA:65,0
DA:66,0
DA:67,0
DA:69,0
DA:70,0
DA:72,0
DA:76,0
DA:77,0
DA:79,0
DA:83,0
DA:84,0
DA:90,0
DA:91,0
DA:94,0
DA:95,0
DA:96,0
DA:97,0
DA:99,0
DA:101,0
DA:103,0
DA:106,0
DA:107,0
LF:50
LH:2
end_of_record
SF:lib\src\widgets\dialog_windows.dart
DA:7,14
DA:9,0
DA:11,0
DA:12,0
DA:13,0
DA:14,0
DA:15,0
DA:16,0
DA:17,0
LF:9
LH:1
end_of_record
SF:lib\src\pages\pages_manager.dart
DA:11,14
DA:13,0
DA:14,0
DA:22,0
DA:24,0
DA:27,0
DA:28,0
DA:29,0
DA:34,0
DA:36,0
DA:37,0
DA:38,0
DA:39,0
DA:40,0
DA:42,0
DA:43,0
DA:44,0
DA:46,0
DA:47,0
DA:48,0
DA:49,0
DA:54,0
DA:55,0
DA:57,0
DA:58,0
DA:59,0
DA:60,0
DA:61,0
DA:62,0
DA:71,0
DA:73,0
DA:75,0
DA:87,0
DA:88,0
DA:89,0
DA:94,0
DA:95,0
DA:97,0
DA:98,0
DA:99,0
DA:100,0
DA:101,0
DA:102,0
DA:111,0
DA:113,0
DA:115,0
DA:127,0
DA:128,0
DA:129,0
DA:137,0
DA:139,0
DA:140,0
DA:169,0
DA:170,0
DA:171,0
DA:172,0
DA:181,0
DA:182,0
DA:186,0
DA:187,0
DA:188,0
DA:189,0
LF:62
LH:1
end_of_record
SF:lib\src\logic\friends.dart
DA:6,0
DA:7,0
DA:8,0
DA:9,0
DA:10,0
DA:12,0
DA:13,0
DA:14,0
DA:15,0
DA:16,0
DA:17,0
DA:18,0
DA:19,0
DA:25,0
DA:26,0
DA:27,0
DA:28,0
DA:29,0
DA:30,0
DA:31,0
DA:32,0
DA:33,0
DA:34,0
DA:35,0
DA:36,0
DA:37,0
DA:40,0
DA:41,0
DA:49,0
DA:50,0
DA:51,0
DA:52,0
DA:55,0
DA:56,0
DA:59,0
DA:60,0
DA:63,0
DA:64,0
DA:67,0
DA:68,0
DA:71,0
DA:72,0
DA:75,0
DA:76,0
LF:44
LH:0
end_of_record
SF:lib\src\logic\home.dart
DA:16,0
DA:18,0
DA:19,0
DA:21,0
DA:23,0
DA:24,0
DA:26,0
DA:27,0
DA:28,0
DA:29,0
DA:30,0
DA:32,0
DA:36,1
DA:37,1
DA:38,0
DA:40,0
DA:42,0
DA:43,0
DA:44,0
DA:45,0
DA:46,0
DA:48,0
DA:52,0
DA:55,0
DA:58,0
DA:59,0
DA:60,0
DA:66,0
DA:70,0
DA:73,0
DA:76,0
DA:77,0
DA:78,0
DA:79,0
DA:80,0
DA:81,0
DA:83,0
DA:84,0
DA:87,0
DA:89,0
DA:90,0
DA:95,0
DA:96,0
LF:43
LH:2
end_of_record
SF:lib\src\logic\authentication\link_google.dart
DA:4,0
DA:7,0
DA:8,0
DA:9,0
DA:10,0
DA:15,0
DA:17,0
DA:19,0
DA:21,0
DA:22,0
DA:23,0
DA:26,0
DA:29,0
DA:32,0
DA:35,0
DA:37,0
DA:38,0
DA:40,2
DA:42,4
DA:43,2
DA:46,0
DA:47,0
DA:48,0
DA:49,0
LF:24
LH:3
end_of_record
SF:lib\src\pages\achievements.dart
DA:10,8
DA:12,1
DA:13,1
DA:19,1
DA:21,1
DA:22,2
DA:23,1
DA:24,1
DA:25,2
DA:26,2
DA:27,2
DA:28,1
DA:30,1
DA:32,1
DA:35,1
DA:37,1
DA:38,1
DA:39,1
DA:49,1
DA:50,1
DA:51,2
DA:52,1
DA:59,1
DA:60,2
DA:63,2
DA:64,1
DA:66,1
DA:69,1
DA:70,1
DA:72,1
DA:73,1
LF:31
LH:31
end_of_record
SF:lib\src\widgets\containers.dart
DA:8,1
DA:10,1
DA:12,2
DA:13,1
DA:18,1
DA:20,1
DA:21,3
DA:22,1
DA:24,1
DA:25,1
DA:31,1
DA:46,1
DA:54,1
DA:56,1
DA:58,1
DA:60,1
DA:61,1
DA:63,1
DA:64,2
DA:65,1
DA:66,3
DA:69,1
DA:71,1
DA:72,5
DA:73,3
DA:74,1
DA:87,1
DA:95,1
DA:97,1
DA:98,1
DA:99,1
DA:102,1
DA:104,1
DA:105,1
DA:107,1
DA:108,3
DA:109,2
DA:110,1
DA:111,3
DA:114,4
DA:124,1
DA:131,1
DA:133,1
DA:134,1
DA:135,1
DA:138,1
DA:140,1
DA:141,3
DA:142,5
LF:49
LH:49
end_of_record
SF:lib\src\widgets\text.dart
DA:8,5
DA:15,5
DA:19,5
DA:23,5
DA:24,5
DA:39,0
LF:6
LH:5
end_of_record
SF:lib\src\pages\authentication\create_account.dart
DA:8,8
DA:10,1
DA:11,1
DA:21,1
DA:23,1
DA:24,1
DA:25,1
DA:26,2
DA:27,1
DA:28,1
DA:29,1
DA:31,1
DA:33,1
DA:34,1
DA:37,1
DA:38,3
DA:39,1
DA:41,1
DA:42,1
DA:43,1
DA:46,1
DA:47,1
DA:51,1
DA:52,1
DA:61,1
DA:62,1
DA:63,3
DA:64,1
DA:66,2
DA:67,2
DA:68,3
DA:69,0
DA:74,1
DA:75,0
DA:76,0
DA:78,0
DA:91,1
DA:92,1
DA:93,1
DA:94,1
LF:40
LH:36
end_of_record
SF:lib\src\pages\authentication\forgot_password.dart
DA:6,1
DA:7,1
DA:15,1
DA:17,5
DA:18,0
DA:19,0
DA:21,0
DA:22,0
DA:23,0
DA:28,1
DA:30,1
DA:31,2
DA:32,1
DA:33,1
DA:34,1
DA:36,1
DA:38,1
DA:39,1
DA:42,1
DA:43,3
DA:44,1
DA:46,1
DA:48,1
DA:49,1
DA:51,1
DA:53,1
DA:60,1
DA:61,1
LF:28
LH:23
end_of_record
SF:lib\src\pages\friends.dart
DA:9,7
DA:11,0
DA:12,0
DA:20,0
DA:22,0
DA:23,0
DA:24,0
DA:26,0
DA:27,0
DA:28,0
DA:29,0
DA:44,0
DA:45,0
DA:46,0
DA:47,0
DA:51,0
DA:53,0
DA:54,0
DA:56,0
DA:58,0
DA:59,0
DA:60,0
DA:63,0
DA:65,0
DA:66,0
DA:67,0
DA:70,0
DA:71,0
DA:74,0
DA:76,0
DA:77,0
DA:78,0
DA:83,0
DA:85,0
DA:87,0
DA:90,0
DA:92,0
DA:93,0
DA:94,0
DA:100,0
DA:101,0
DA:102,0
DA:104,0
DA:132,0
DA:138,0
DA:139,0
DA:141,0
DA:143,0
DA:146,0
DA:147,0
DA:149,0
DA:151,0
DA:152,0
DA:153,0
DA:154,0
DA:155,0
DA:156,0
DA:162,0
DA:163,0
DA:164,0
DA:175,0
DA:176,0
DA:178,0
DA:180,0
DA:181,0
DA:182,0
DA:183,0
DA:186,0
DA:187,0
DA:188,0
DA:189,0
DA:191,0
DA:194,0
DA:197,0
DA:199,0
DA:202,0
DA:203,0
DA:204,0
DA:205,0
DA:206,0
DA:207,0
DA:208,0
DA:212,0
DA:213,0
DA:214,0
DA:215,0
DA:217,0
DA:219,0
DA:221,0
DA:223,0
DA:227,0
DA:229,0
DA:231,0
DA:235,0
DA:237,0
DA:239,0
DA:245,0
DA:247,0
LF:98
LH:1
end_of_record
SF:lib\src\pages\home.dart
DA:11,8
DA:13,1
DA:14,1
DA:19,1
DA:21,1
DA:22,2
DA:23,2
DA:26,1
DA:28,4
DA:29,1
DA:30,1
DA:31,1
DA:33,1
DA:35,3
DA:36,1
DA:37,0
DA:38,1
DA:39,1
DA:41,1
DA:42,2
DA:43,1
DA:44,4
DA:46,1
DA:47,1
DA:49,1
DA:50,1
DA:54,1
DA:55,1
DA:56,1
DA:57,1
DA:58,2
DA:59,1
DA:60,3
DA:61,1
DA:62,1
DA:70,1
DA:71,2
DA:72,1
DA:73,3
DA:74,1
DA:75,1
DA:83,1
DA:84,2
DA:85,1
DA:86,3
DA:87,1
DA:88,1
LF:47
LH:46
end_of_record
SF:lib\src\widgets\DynamicButton.dart
DA:9,2
DA:11,2
DA:13,2
DA:19,2
DA:21,2
DA:22,0
DA:23,0
DA:24,0
DA:26,0
DA:27,0
DA:29,0
DA:32,0
DA:33,0
DA:36,2
DA:38,2
DA:39,2
DA:42,2
DA:44,2
DA:45,2
DA:50,2
DA:51,2
DA:52,0
DA:53,4
LF:23
LH:14
end_of_record
SF:lib\src\pages\leaderboard.dart
DA:9,8
DA:11,1
DA:12,1
DA:18,1
DA:20,1
DA:22,2
DA:24,1
DA:27,1
DA:28,1
DA:35,1
DA:36,1
DA:44,1
DA:45,1
DA:46,2
DA:47,1
DA:48,1
DA:49,2
DA:50,1
DA:52,1
DA:53,1
DA:54,1
DA:55,1
DA:56,1
DA:60,1
DA:62,1
DA:63,1
DA:64,1
DA:65,2
DA:66,1
DA:76,1
DA:77,5
DA:78,4
DA:79,1
DA:80,4
DA:81,3
DA:82,4
DA:86,4
DA:87,5
DA:88,5
DA:90,5
DA:91,5
DA:94,1
DA:95,1
DA:98,0
DA:99,0
DA:102,1
DA:105,1
DA:107,5
DA:108,5
DA:110,0
DA:111,0
DA:116,1
DA:121,1
DA:126,1
DA:139,3
DA:142,2
DA:149,1
LF:57
LH:53
end_of_record
